<?xml version="1.0" encoding="UTF-8"?>
<testsuite name="com.koligrum.test.UserTest" tests="1" skipped="0" failures="0" errors="0" timestamp="2021-09-24T12:23:00" hostname="LAPTOP-92C6TRVU" time="1.686">
  <properties/>
  <testcase name="deleteUserTest()" classname="com.koligrum.test.UserTest" time="1.686"/>
  <system-out><![CDATA[Request method:	DELETE
Request URI:	http://localhost:1234/v1/users/65507bae-76f4-4a22-b0b6-a34167eada42
Proxy:			<none>
Request params:	<none>
Query params:	<none>
Form params:	<none>
Path params:	id=65507bae-76f4-4a22-b0b6-a34167eada42
Headers:		accept=application/json
Cookies:		<none>
Multiparts:		<none>
Body:			<none>

]]></system-out>
  <system-err><![CDATA[]]></system-err>
</testsuite>
